\BOOKMARK [1][-]{section.1}{\376\377\004\027\004\060\004\064\004\060\004\075\004\070\004\065\000\040\0001\000.\000\040\004\030\004\075\004\102\004\065\004\063\004\100\004\060\004\073\004\114\004\075\004\060\004\117\000\040\004\101\004\103\004\074\004\074\004\060}{}% 1
\BOOKMARK [2][-]{subsection.1.1}{\376\377\004\030\004\075\004\102\004\065\004\063\004\100\004\060\004\073\004\114\004\075\004\060\004\117\000\040\004\101\004\103\004\074\004\074\004\060}{section.1}% 2
\BOOKMARK [2][-]{subsection.1.2}{\376\377\004\037\004\076\004\101\004\073\004\065\004\064\004\076\004\062\004\060\004\102\004\065\004\073\004\114\004\075\004\076\004\101\004\102\004\114\000\040\004\070\004\075\004\102\004\065\004\063\004\100\004\060\004\073\004\114\004\075\004\113\004\105\000\040\004\101\004\103\004\074\004\074}{section.1}% 3
\BOOKMARK [1][-]{section.2}{\376\377\004\027\004\060\004\064\004\060\004\075\004\070\004\065\000\040\0002\000.\000\040\004\037\004\073\004\076\004\111\004\060\004\064\004\114\000\040\004\104\004\070\004\063\004\103\004\100\004\113}{}% 4
\BOOKMARK [1][-]{section.3}{\376\377\004\027\004\060\004\064\004\060\004\075\004\070\004\065\000\040\0005\000.\000\040\004\037\004\100\004\070\004\061\004\073\004\070\004\066\004\065\004\075\004\075\004\113\004\065\000\040\004\062\004\113\004\107\004\070\004\101\004\073\004\065\004\075\004\070\004\117\000\040\004\076\004\077\004\100\004\065\004\064\004\065\004\073\004\065\004\075\004\075\004\076\004\063\004\076\000\040\004\070\004\075\004\102\004\065\004\063\004\100\004\060\004\073\004\060}{}% 5
\BOOKMARK [2][-]{subsection.3.1}{\376\377\004\027\004\060\004\064\004\060\004\075\004\070\004\065}{section.3}% 6
\BOOKMARK [2][-]{subsection.3.2}{\376\377\004\034\004\065\004\102\004\076\004\064\000\040\004\077\004\100\004\117\004\074\004\076\004\103\004\063\004\076\004\073\004\114\004\075\004\070\004\072\004\076\004\062}{section.3}% 7
\BOOKMARK [2][-]{subsection.3.3}{\376\377\004\034\004\065\004\102\004\076\004\064\000\040\004\102\004\100\004\060\004\077\004\065\004\106\004\070\004\071}{section.3}% 8
\BOOKMARK [2][-]{subsection.3.4}{\376\377\004\034\004\065\004\102\004\076\004\064\000\040\004\077\004\060\004\100\004\060\004\061\004\076\004\073}{section.3}% 9
\BOOKMARK [2][-]{subsection.3.5}{\376\377\004\034\004\065\004\102\004\076\004\064\000\040\004\021\004\076\004\064\004\065}{section.3}% 10
\BOOKMARK [2][-]{subsection.3.6}{\376\377\004\027\004\060\004\072\004\073\004\116\004\107\004\065\004\075\004\070\004\065}{section.3}% 11
\BOOKMARK [1][-]{section.4}{\376\377\004\027\004\060\004\064\004\060\004\075\004\070\004\065\000\040\0004\000.\000\040\004\037\004\100\004\070\004\073\004\076\004\066\004\065\004\075\004\070\004\065\000\040\004\040\004\117\004\064\004\076\004\062\000.\000\040\004\041\004\070\004\100\004\060\004\067\004\065\004\102\004\064\004\070\004\075\004\076\004\062\000\040\004\020\004\067\004\060\004\102\000.\000\040\004\022\004\060\004\100\004\070\004\060\004\075\004\102\000\040\0002\0008}{}% 12
\BOOKMARK [2][-]{subsection.4.1}{\376\377\004\027\004\060\004\064\004\060\004\075\004\070\004\065\000\040\0001}{section.4}% 13
\BOOKMARK [2][-]{subsection.4.2}{\376\377\004\027\004\060\004\064\004\060\004\075\004\070\004\065\000\040\0002}{section.4}% 14
\BOOKMARK [2][-]{subsection.4.3}{\376\377\004\027\004\060\004\064\004\060\004\075\004\070\004\065\000\040\0003}{section.4}% 15
\BOOKMARK [1][-]{section.5}{\376\377\004\027\004\060\004\064\004\060\004\075\004\070\004\065\000\040\0004\000.\000\040\004\037\004\100\004\070\004\073\004\076\004\066\004\065\004\075\004\070\004\065\000\040\004\040\004\117\004\064\004\076\004\062\000.\000\040\004\050\004\077\004\070\004\075\004\065\004\062\004\060\000\040\004\043\004\073\004\114\004\117\004\075\004\060\000.\000\040\004\022\004\060\004\100\004\070\004\060\004\075\004\102\000\040\0006}{}% 16
\BOOKMARK [2][-]{subsection.5.1}{\376\377\004\027\004\060\004\064\004\060\004\075\004\070\004\065\000\040\0001}{section.5}% 17
\BOOKMARK [2][-]{subsection.5.2}{\376\377\004\027\004\060\004\064\004\060\004\075\004\070\004\065\000\040\0002}{section.5}% 18
\BOOKMARK [2][-]{subsection.5.3}{\376\377\004\027\004\060\004\064\004\060\004\075\004\070\004\065\000\040\0003}{section.5}% 19
\BOOKMARK [1][-]{section.6}{\376\377\004\027\004\060\004\064\004\060\004\075\004\070\004\065\000\040\0003\000.\000\040\004\040\004\117\004\064\000\040\004\042\004\065\004\071\004\073\004\076\004\100\004\060}{}% 20
\BOOKMARK [2][-]{subsection.6.1}{\376\377\004\027\004\060\004\064\004\060\004\075\004\070\004\065}{section.6}% 21
